#
# There is insufficient memory for the Java Runtime Environment to continue.
# Native memory allocation (malloc) failed to allocate 32744 bytes for ChunkPool::allocate
# Possible reasons:
#   The system is out of physical RAM or swap space
#   In 32 bit mode, the process size limit was hit
# Possible solutions:
#   Reduce memory load on the system
#   Increase physical memory or swap space
#   Check if swap backing store is full
#   Use 64 bit Java on a 64 bit OS
#   Decrease Java heap size (-Xmx/-Xms)
#   Decrease number of Java threads
#   Decrease Java thread stack sizes (-Xss)
#   Set larger code cache with -XX:ReservedCodeCacheSize=
# This output file may be truncated or incomplete.
#
#  Out of Memory Error (allocation.cpp:273), pid=5896, tid=0x0000000000001c68
#
# JRE version: Java(TM) SE Runtime Environment (8.0_181-b13) (build 1.8.0_181-b13)
# Java VM: Java HotSpot(TM) 64-Bit Server VM (25.181-b13 mixed mode windows-amd64 compressed oops)
# Failed to write core dump. Minidumps are not enabled by default on client versions of Windows
#

---------------  T H R E A D  ---------------

Current thread (0x0000000016b2e000):  JavaThread "C1 CompilerThread2" daemon [_thread_in_native, id=7272, stack(0x0000000018e30000,0x0000000018f30000)]

Stack: [0x0000000018e30000,0x0000000018f30000]
[error occurred during error reporting (printing stack bounds), id 0xc0000005]

Native frames: (J=compiled Java code, j=interpreted, Vv=VM code, C=native code)


Current CompileTask:
C1:   6556  868   !   3       java.awt.DefaultKeyboardFocusManager::dispatchEvent (1640 bytes)


---------------  P R O C E S S  ---------------

Java Threads: ( => current thread )
  0x00000000195cc800 JavaThread "TimerQueue" daemon [_thread_blocked, id=9516, stack(0x000000001b850000,0x000000001b950000)]
  0x0000000002c8d800 JavaThread "DestroyJavaVM" [_thread_blocked, id=1092, stack(0x0000000003120000,0x0000000003220000)]
  0x0000000018a09000 JavaThread "AWT-EventQueue-0" [_thread_blocked, id=13172, stack(0x000000001a2e0000,0x000000001a3e0000)]
  0x00000000189e8800 JavaThread "AWT-Windows" daemon [_thread_in_native, id=244, stack(0x0000000019c70000,0x0000000019d70000)]
  0x00000000189d5800 JavaThread "AWT-Shutdown" [_thread_blocked, id=12268, stack(0x0000000019b70000,0x0000000019c70000)]
  0x00000000189d4800 JavaThread "Java2D Disposer" daemon [_thread_blocked, id=11428, stack(0x0000000019a70000,0x0000000019b70000)]
  0x0000000018692800 JavaThread "Service Thread" daemon [_thread_blocked, id=14704, stack(0x0000000018f30000,0x0000000019030000)]
=>0x0000000016b2e000 JavaThread "C1 CompilerThread2" daemon [_thread_in_native, id=7272, stack(0x0000000018e30000,0x0000000018f30000)]
  0x0000000016b2c800 JavaThread "C2 CompilerThread1" daemon [_thread_blocked, id=10988, stack(0x0000000018d30000,0x0000000018e30000)]
  0x0000000016ade800 JavaThread "C2 CompilerThread0" daemon [_thread_blocked, id=7480, stack(0x0000000018c30000,0x0000000018d30000)]
  0x0000000018638800 JavaThread "Attach Listener" daemon [_thread_blocked, id=13856, stack(0x0000000018b30000,0x0000000018c30000)]
  0x0000000016b29800 JavaThread "Signal Dispatcher" daemon [_thread_blocked, id=4796, stack(0x0000000018a30000,0x0000000018b30000)]
  0x000000000331b000 JavaThread "Finalizer" daemon [_thread_blocked, id=6712, stack(0x0000000017d20000,0x0000000017e20000)]
  0x0000000016a99000 JavaThread "Reference Handler" daemon [_thread_blocked, id=3728, stack(0x0000000017c20000,0x0000000017d20000)]

Other Threads:
  0x0000000016a98000 VMThread [stack: 0x0000000017b20000,0x0000000017c20000] [id=10472]
  0x00000000186f3800 WatcherThread [stack: 0x0000000019030000,0x0000000019130000] [id=5956]

VM state:not at safepoint (normal execution)

VM Mutex/Monitor currently owned by a thread: None

Heap:
 PSYoungGen      total 28160K, used 9951K [0x00000000e1000000, 0x00000000e2f00000, 0x0000000100000000)
  eden space 24576K, 40% used [0x00000000e1000000,0x00000000e19b7ff8,0x00000000e2800000)
  from space 3584K, 0% used [0x00000000e2b80000,0x00000000e2b80000,0x00000000e2f00000)
  to   space 3584K, 0% used [0x00000000e2800000,0x00000000e2800000,0x00000000e2b80000)
 ParOldGen       total 64512K, used 0K [0x00000000a3000000, 0x00000000a6f00000, 0x00000000e1000000)
  object space 64512K, 0% used [0x00000000a3000000,0x00000000a3000000,0x00000000a6f00000)
 Metaspace       used 11964K, capacity 12124K, committed 12416K, reserved 1060864K
  class space    used 1529K, capacity 1608K, committed 1664K, reserved 1048576K

Card table byte_map: [0x00000000126e0000,0x00000000129d0000] byte_map_base: 0x00000000121c8000

Marking Bits: (ParMarkBitMap*) 0x000000006d3d2d00
 Begin Bits: [0x0000000012fc0000, 0x0000000014700000)
 End Bits:   [0x0000000014700000, 0x0000000015e40000)

Polling page: 0x0000000001110000

CodeCache: size=245760Kb used=3043Kb max_used=3043Kb free=242717Kb
 bounds [0x0000000003320000, 0x0000000003620000, 0x0000000012320000]
 total_blobs=1350 nmethods=867 adapters=396
 compilation: enabled

Compilation events (10 events):
Event: 6.519 Thread 0x0000000016b2e000 nmethod 863 0x0000000003615c10 code [0x0000000003615de0, 0x0000000003616418]
Event: 6.519 Thread 0x0000000016b2e000  864       3       java.util.WeakHashMap::get (77 bytes)
Event: 6.520 Thread 0x0000000016b2e000 nmethod 864 0x0000000003616750 code [0x0000000003616920, 0x00000000036171a8]
Event: 6.526 Thread 0x0000000016b2e000  866       3       java.util.HashMap::removeNode (291 bytes)
Event: 6.528 Thread 0x0000000016b2e000 nmethod 866 0x0000000003617510 code [0x0000000003617780, 0x0000000003618cf8]
Event: 6.528 Thread 0x0000000016b2e000  865       3       java.util.HashMap::remove (26 bytes)
Event: 6.528 Thread 0x0000000016b2e000 nmethod 865 0x00000000036195d0 code [0x0000000003619760, 0x0000000003619b78]
Event: 6.532 Thread 0x0000000016b2e000  867       3       sun.awt.SunToolkit::isTouchKeyboardAutoShowEnabled (4 bytes)
Event: 6.532 Thread 0x0000000016b2e000 nmethod 867 0x0000000003619cd0 code [0x0000000003619e20, 0x0000000003619f70]
Event: 6.534 Thread 0x0000000016b2e000  868   !   3       java.awt.DefaultKeyboardFocusManager::dispatchEvent (1640 bytes)

GC Heap History (0 events):
No events

Deoptimization events (6 events):
Event: 0.707 Thread 0x0000000002c8d800 Uncommon trap: reason=null_check action=make_not_entrant pc=0x0000000003497714 method=java.lang.String.equals(Ljava/lang/Object;)Z @ 8
Event: 1.413 Thread 0x0000000018a09000 Uncommon trap: reason=unstable_if action=reinterpret pc=0x00000000034f1c68 method=java.lang.Float.compare(FF)I @ 3
Event: 2.223 Thread 0x0000000018a09000 Uncommon trap: reason=bimorphic action=maybe_recompile pc=0x000000000352caac method=java.util.HashMap.putVal(ILjava/lang/Object;Ljava/lang/Object;ZZ)Ljava/lang/Object; @ 152
Event: 2.237 Thread 0x0000000018a09000 Uncommon trap: reason=bimorphic action=maybe_recompile pc=0x000000000352caac method=java.util.HashMap.putVal(ILjava/lang/Object;Ljava/lang/Object;ZZ)Ljava/lang/Object; @ 152
Event: 5.432 Thread 0x0000000018a09000 Uncommon trap: reason=bimorphic action=maybe_recompile pc=0x000000000352caac method=java.util.HashMap.putVal(ILjava/lang/Object;Ljava/lang/Object;ZZ)Ljava/lang/Object; @ 152
Event: 5.443 Thread 0x0000000018a09000 Uncommon trap: reason=bimorphic action=maybe_recompile pc=0x000000000352caac method=java.util.HashMap.putVal(ILjava/lang/Object;Ljava/lang/Object;ZZ)Ljava/lang/Object; @ 152

Classes redefined (0 events):
No events

Internal exceptions (10 events):
Event: 0.866 Thread 0x0000000002c8d800 Exception <a 'java/lang/ClassNotFoundException': ToolBar> (0x00000000e13f9940) thrown at [C:\re\workspace\8-2-build-windows-amd64-cygwin\jdk8u181\11358\hotspot\src\share\vm\classfile\systemDictionary.cpp, line 210]
Event: 0.866 Thread 0x0000000002c8d800 Exception <a 'java/lang/ClassNotFoundException': ToggleButton> (0x00000000e13f9ef0) thrown at [C:\re\workspace\8-2-build-windows-amd64-cygwin\jdk8u181\11358\hotspot\src\share\vm\classfile\systemDictionary.cpp, line 210]
Event: 0.866 Thread 0x0000000002c8d800 Exception <a 'java/lang/ClassNotFoundException': javax/swing/JToolBarSeparator> (0x00000000e13fa350) thrown at [C:\re\workspace\8-2-build-windows-amd64-cygwin\jdk8u181\11358\hotspot\src\share\vm\classfile\systemDictionary.cpp, line 210]
Event: 0.866 Thread 0x0000000002c8d800 Exception <a 'java/lang/ClassNotFoundException': ToolBarSeparator> (0x00000000e13fa7e8) thrown at [C:\re\workspace\8-2-build-windows-amd64-cygwin\jdk8u181\11358\hotspot\src\share\vm\classfile\systemDictionary.cpp, line 210]
Event: 0.866 Thread 0x0000000002c8d800 Exception <a 'java/lang/ClassNotFoundException': ToolTip> (0x00000000e13faf28) thrown at [C:\re\workspace\8-2-build-windows-amd64-cygwin\jdk8u181\11358\hotspot\src\share\vm\classfile\systemDictionary.cpp, line 210]
Event: 0.869 Thread 0x0000000002c8d800 Exception <a 'java/lang/ClassNotFoundException': Tree> (0x00000000e13fbb48) thrown at [C:\re\workspace\8-2-build-windows-amd64-cygwin\jdk8u181\11358\hotspot\src\share\vm\classfile\systemDictionary.cpp, line 210]
Event: 0.869 Thread 0x0000000002c8d800 Exception <a 'java/lang/ClassNotFoundException': Tree> (0x00000000e13fc288) thrown at [C:\re\workspace\8-2-build-windows-amd64-cygwin\jdk8u181\11358\hotspot\src\share\vm\classfile\systemDictionary.cpp, line 210]
Event: 0.869 Thread 0x0000000002c8d800 Exception <a 'java/lang/ClassNotFoundException': javax/swing/JTreeCell> (0x00000000e13fc608) thrown at [C:\re\workspace\8-2-build-windows-amd64-cygwin\jdk8u181\11358\hotspot\src\share\vm\classfile\systemDictionary.cpp, line 210]
Event: 0.869 Thread 0x0000000002c8d800 Exception <a 'java/lang/ClassNotFoundException': TreeCell> (0x00000000e13fca90) thrown at [C:\re\workspace\8-2-build-windows-amd64-cygwin\jdk8u181\11358\hotspot\src\share\vm\classfile\systemDictionary.cpp, line 210]
Event: 0.870 Thread 0x0000000002c8d800 Exception <a 'java/lang/ClassNotFoundException': RootPane> (0x00000000e13fd4f0) thrown at [C:\re\workspace\8-2-build-windows-amd64-cygwin\jdk8u181\11358\hotspot\src\share\vm\classfile\systemDictionary.cpp, line 210]

Events (10 events):
Event: 5.554 loading class javax/swing/event/UndoableEditListener
Event: 5.554 loading class javax/swing/event/UndoableEditListener done
Event: 5.557 loading class javax/swing/RepaintManager$3
Event: 5.557 loading class javax/swing/RepaintManager$3 done
Event: 6.356 loading class java/awt/event/ItemEvent
Event: 6.356 loading class java/awt/event/ItemEvent done
Event: 6.357 loading class javax/swing/text/GapContent$RemoveUndo
Event: 6.357 loading class javax/swing/text/GapContent$RemoveUndo done
Event: 6.357 loading class javax/swing/text/GapContent$UndoPosRef
Event: 6.357 loading class javax/swing/text/GapContent$UndoPosRef done


Dynamic libraries:
0x00007ff6f1360000 - 0x00007ff6f1397000 	C:\Program Files\Java\jdk1.8.0_181\bin\java.exe
0x00007ffcf71c0000 - 0x00007ffcf73b0000 	C:\WINDOWS\SYSTEM32\ntdll.dll
0x00007ffcf5790000 - 0x00007ffcf5842000 	C:\WINDOWS\System32\KERNEL32.DLL
0x00007ffcf43a0000 - 0x00007ffcf4643000 	C:\WINDOWS\System32\KERNELBASE.dll
0x00007ffcf5270000 - 0x00007ffcf5313000 	C:\WINDOWS\System32\ADVAPI32.dll
0x00007ffcf7030000 - 0x00007ffcf70ce000 	C:\WINDOWS\System32\msvcrt.dll
0x00007ffcf6f90000 - 0x00007ffcf7027000 	C:\WINDOWS\System32\sechost.dll
0x00007ffcf5fe0000 - 0x00007ffcf6100000 	C:\WINDOWS\System32\RPCRT4.dll
0x00007ffcf6370000 - 0x00007ffcf6504000 	C:\WINDOWS\System32\USER32.dll
0x00007ffcf4650000 - 0x00007ffcf4671000 	C:\WINDOWS\System32\win32u.dll
0x00007ffcf5f40000 - 0x00007ffcf5f66000 	C:\WINDOWS\System32\GDI32.dll
0x00007ffcf46e0000 - 0x00007ffcf4874000 	C:\WINDOWS\System32\gdi32full.dll
0x00007ffcf4880000 - 0x00007ffcf491e000 	C:\WINDOWS\System32\msvcp_win.dll
0x00007ffcf4200000 - 0x00007ffcf42fa000 	C:\WINDOWS\System32\ucrtbase.dll
0x00007ffce8a20000 - 0x00007ffce8ca5000 	C:\WINDOWS\WinSxS\amd64_microsoft.windows.common-controls_6595b64144ccf1df_6.0.18362.720_none_e6beb5c51314836b\COMCTL32.dll
0x00007ffcf6650000 - 0x00007ffcf6986000 	C:\WINDOWS\System32\combase.dll
0x00007ffcf4300000 - 0x00007ffcf4380000 	C:\WINDOWS\System32\bcryptPrimitives.dll
0x00007ffcf5320000 - 0x00007ffcf534e000 	C:\WINDOWS\System32\IMM32.DLL
0x00000000458a0000 - 0x0000000045b10000 	E:\Games\Valofe\GameGuard\npggNT64.des
0x00007ffcf50a0000 - 0x00007ffcf51e9000 	C:\WINDOWS\System32\CRYPT32.dll
0x00007ffcf4130000 - 0x00007ffcf4142000 	C:\WINDOWS\System32\MSASN1.dll
0x00007ffcf4680000 - 0x00007ffcf46dc000 	C:\WINDOWS\System32\WINTRUST.dll
0x00007ffcec690000 - 0x00007ffcec69a000 	C:\WINDOWS\SYSTEM32\VERSION.dll
0x00007ffcdf170000 - 0x00007ffcdf187000 	C:\WINDOWS\SYSTEM32\NETAPI32.dll
0x00007ffcf3640000 - 0x00007ffcf364c000 	C:\WINDOWS\SYSTEM32\NETUTILS.DLL
0x00007ffcef1b0000 - 0x00007ffcef1c7000 	C:\WINDOWS\SYSTEM32\wkscli.dll
0x00007ffcf5240000 - 0x00007ffcf5266000 	C:\WINDOWS\System32\bcrypt.dll
0x00007ffcd52c0000 - 0x00007ffcd52d2000 	C:\WINDOWS\SYSTEM32\cscapi.dll
0x000000006e530000 - 0x000000006e602000 	C:\Program Files\Java\jdk1.8.0_181\jre\bin\msvcr100.dll
0x000000006cbb0000 - 0x000000006d452000 	C:\Program Files\Java\jdk1.8.0_181\jre\bin\server\jvm.dll
0x00007ffcf6100000 - 0x00007ffcf6108000 	C:\WINDOWS\System32\PSAPI.DLL
0x00007ffcf2b90000 - 0x00007ffcf2b99000 	C:\WINDOWS\SYSTEM32\WSOCK32.dll
0x00007ffcf5f70000 - 0x00007ffcf5fdf000 	C:\WINDOWS\System32\WS2_32.dll
0x00007ffceca30000 - 0x00007ffceca54000 	C:\WINDOWS\SYSTEM32\WINMM.dll
0x00007ffceca00000 - 0x00007ffceca2d000 	C:\WINDOWS\SYSTEM32\WINMMBASE.dll
0x0000000002c00000 - 0x0000000002c4a000 	C:\WINDOWS\System32\cfgmgr32.dll
0x000000006e780000 - 0x000000006e78f000 	C:\Program Files\Java\jdk1.8.0_181\jre\bin\verify.dll
0x000000006cb80000 - 0x000000006cba9000 	C:\Program Files\Java\jdk1.8.0_181\jre\bin\java.dll
0x000000006cb60000 - 0x000000006cb76000 	C:\Program Files\Java\jdk1.8.0_181\jre\bin\zip.dll
0x0000000017f20000 - 0x0000000018605000 	C:\WINDOWS\System32\SHELL32.dll
0x00007ffcf70d0000 - 0x00007ffcf7179000 	C:\WINDOWS\System32\shcore.dll
0x00007ffcf4920000 - 0x00007ffcf50a0000 	C:\WINDOWS\System32\windows.storage.dll
0x00007ffcf40b0000 - 0x00007ffcf40d3000 	C:\WINDOWS\System32\profapi.dll
0x00007ffcf40e0000 - 0x00007ffcf412a000 	C:\WINDOWS\System32\powrprof.dll
0x00007ffcf4080000 - 0x00007ffcf4090000 	C:\WINDOWS\System32\UMPDC.dll
0x00007ffcf6f30000 - 0x00007ffcf6f82000 	C:\WINDOWS\System32\shlwapi.dll
0x00007ffcf4090000 - 0x00007ffcf40a1000 	C:\WINDOWS\System32\kernel.appcore.dll
0x0000000002c90000 - 0x0000000002ca7000 	C:\WINDOWS\System32\cryptsp.dll
0x000000006c980000 - 0x000000006cb19000 	C:\Program Files\Java\jdk1.8.0_181\jre\bin\awt.dll
0x00007ffcf6580000 - 0x00007ffcf6644000 	C:\WINDOWS\System32\OLEAUT32.dll
0x00007ffcf1690000 - 0x00007ffcf171f000 	C:\WINDOWS\SYSTEM32\apphelp.dll
0x00007ffcf1850000 - 0x00007ffcf18e9000 	C:\WINDOWS\system32\uxtheme.dll
0x00007ffcf53c0000 - 0x00007ffcf54f6000 	C:\WINDOWS\System32\MSCTF.dll
0x00007ffcf5500000 - 0x00007ffcf5657000 	C:\WINDOWS\System32\ole32.dll
0x00007ffcf1ba0000 - 0x00007ffcf1bcd000 	C:\WINDOWS\system32\DWMAPI.DLL
0x000000006c930000 - 0x000000006c977000 	C:\Program Files\Java\jdk1.8.0_181\jre\bin\fontmanager.dll
0x00007ffcd3d30000 - 0x00007ffcd3e86000 	C:\WINDOWS\system32\opengl32.dll
0x00007ffce4c40000 - 0x00007ffce4c6c000 	C:\WINDOWS\SYSTEM32\GLU32.dll
0x00007ffcf2cf0000 - 0x00007ffcf2d10000 	C:\WINDOWS\SYSTEM32\dxcore.dll
0x000000001a5e0000 - 0x000000001a682000 	C:\WINDOWS\System32\clbcatq.dll
0x00007ffceb850000 - 0x00007ffceb9ff000 	C:\WINDOWS\SYSTEM32\WindowsCodecs.dll
0x00007ffcde8b0000 - 0x00007ffcde8ea000 	C:\WINDOWS\system32\dataexchange.dll
0x00007ffcf0cd0000 - 0x00007ffcf0f2b000 	C:\WINDOWS\system32\d3d11.dll
0x00007ffcf0f30000 - 0x00007ffcf110b000 	C:\WINDOWS\system32\dcomp.dll
0x00007ffcf2d80000 - 0x00007ffcf2e6b000 	C:\WINDOWS\system32\dxgi.dll
0x00007ffcf1940000 - 0x00007ffcf1b9a000 	C:\WINDOWS\system32\twinapi.appcore.dll
0x00007ffcf1d70000 - 0x00007ffcf1d99000 	C:\WINDOWS\system32\RMCLIENT.dll
0x000000006cb40000 - 0x000000006cb5a000 	C:\Program Files\Java\jdk1.8.0_181\jre\bin\net.dll
0x00007ffcf38f0000 - 0x00007ffcf3957000 	C:\WINDOWS\system32\mswsock.dll
0x000000006cb20000 - 0x000000006cb31000 	C:\Program Files\Java\jdk1.8.0_181\jre\bin\nio.dll
0x000000006c8e0000 - 0x000000006c922000 	C:\Program Files\Java\jdk1.8.0_181\jre\bin\t2k.dll
0x00007ffce4d90000 - 0x00007ffce4e2e000 	C:\WINDOWS\System32\TextInputFramework.dll
0x00007ffcebe60000 - 0x00007ffcec18a000 	C:\WINDOWS\System32\CoreUIComponents.dll
0x00007ffcf1110000 - 0x00007ffcf11e4000 	C:\WINDOWS\System32\CoreMessaging.dll
0x00007ffcf30e0000 - 0x00007ffcf3111000 	C:\WINDOWS\SYSTEM32\ntmarta.dll
0x00007ffcef640000 - 0x00007ffcef793000 	C:\WINDOWS\SYSTEM32\wintypes.dll
0x000000006c880000 - 0x000000006c8aa000 	C:\Program Files\Java\jdk1.8.0_181\jre\bin\dcpr.dll
0x00007ffce3860000 - 0x00007ffce3b06000 	C:\WINDOWS\System32\iertutil.dll

VM Arguments:
jvm_args: -Dfile.encoding=UTF-8 
java_command: kalkulator
java_class_path (initial): C:\Users\AVITH\Documents\GitHub\projectjava\tugaskal\build\classes
Launcher Type: SUN_STANDARD

Environment Variables:
PATH=C:\Program Files (x86)\Common Files\Oracle\Java\javapath;C:\ProgramData\Oracle\Java\javapath;C:\Python27\Scripts;C:\Python27;C:\Windows\system32;C:\Windows;C:\Windows\System32\Wbem;C:\Windows\System32\WindowsPowerShell\v1.0\;C:\Windows\System32\OpenSSH\;C:\Program Files (x86)\NVIDIA Corporation\PhysX\Common;C:\WINDOWS\system32;C:\WINDOWS;C:\WINDOWS\System32\Wbem;C:\WINDOWS\System32\WindowsPowerShell\v1.0\;C:\WINDOWS\System32\OpenSSH\;C:\Users\AVITH\AppData\Local\Microsoft\WindowsApps;
USERNAME=AVITH
OS=Windows_NT
PROCESSOR_IDENTIFIER=Intel64 Family 6 Model 61 Stepping 4, GenuineIntel



---------------  S Y S T E M  ---------------

OS: Windows 10.0 , 64 bit Build 18362 (10.0.18362.329)

CPU:total 4 (initial active 4) (2 cores per cpu, 2 threads per core) family 6 model 61 stepping 4, cmov, cx8, fxsr, mmx, sse, sse2, sse3, ssse3, sse4.1, sse4.2, popcnt, avx, avx2, aes, clmul, erms, 3dnowpref, lzcnt, ht, tsc, tscinvbit, bmi1, bmi2, adx

Memory: 4k page, physical 6090120k(877576k free), swap 9162120k(5144k free)

vm_info: Java HotSpot(TM) 64-Bit Server VM (25.181-b13) for windows-amd64 JRE (1.8.0_181-b13), built on Jul  7 2018 04:01:33 by "java_re" with MS VC++ 10.0 (VS2010)

time: Wed Apr 15 19:56:53 2020
elapsed time: 6 seconds (0d 0h 0m 6s)

